2022-12-16 14:00:19,015 INFO  MessageController:15 - [] [getMessage] info message
2022-12-16 14:00:19,030 WARN  MessageController:16 - [] [getMessage] warn message
2022-12-16 14:00:19,030 ERROR MessageController:17 - [] [getMessage] error message
2022-12-16 14:00:19,030 DEBUG MessageController:18 - [] [getMessage] debug message
2022-12-16 14:00:25,245 INFO  MessageController:15 - [] [getMessage] info message
2022-12-16 14:00:25,246 WARN  MessageController:16 - [] [getMessage] warn message
2022-12-16 14:00:25,246 ERROR MessageController:17 - [] [getMessage] error message
2022-12-16 14:00:25,246 DEBUG MessageController:18 - [] [getMessage] debug message
2022-12-16 14:02:34,673 INFO  MessageController:15 - [] [getMessage] info message
2022-12-16 14:02:34,676 WARN  MessageController:16 - [] [getMessage] warn message
2022-12-16 14:02:34,676 ERROR MessageController:17 - [] [getMessage] error message
2022-12-16 14:02:34,677 DEBUG MessageController:18 - [] [getMessage] debug message
2022-12-16 14:02:56,203 INFO MessageController:15 - [] [getMessage] info message
2022-12-16 14:02:56,205 WARN  MessageController:16 - [] [getMessage] warn message2022-12-16 14:07:17,064 INFO  MessageController:15 - [] [getMessage] info message
2022-12-16 14:07:17,067 WARN  MessageController:16 - [] [getMessage] warn message
2022-12-16 14:07:17,067 ERROR MessageController:17 - [] [getMessage] error message
2022-12-16 14:07:17,068 DEBUG MessageController:18 - [] [getMessage] debug message
2022-12-16 14:08:37,250 INFO  MessageController:15 - [] [getMessage] info message
2022-12-16 14:08:37,252 WARN  MessageController:16 - [] [getMessage] warn message
2022-12-16 14:08:37,252 ERROR MessageController:17 - [] [getMessage] error message
2022-12-16 14:08:37,253 DEBUG MessageController:18 - [] [getMessage] debug message
